<?xml version="1.0" encoding="UTF-8"?>
<testng-results skipped="0" failed="0" total="2" passed="2">
  <reporter-output>
  </reporter-output>
  <suite name="Default suite" duration-ms="52" started-at="2014-05-16T09:28:08Z" finished-at="2014-05-16T09:28:08Z">
    <groups>
    </groups>
    <test name="Default test" duration-ms="52" started-at="2014-05-16T09:28:08Z" finished-at="2014-05-16T09:28:08Z">
      <class name="it.jnrpe.commands.CommandInvokerTest">
        <test-method status="PASS" signature="testAcceptParams()[pri:0, instance:it.jnrpe.commands.CommandInvokerTest@4afaa1a4]" name="testAcceptParams" duration-ms="38" started-at="2014-05-16T11:28:08Z" finished-at="2014-05-16T11:28:08Z">
          <reporter-output>
          </reporter-output>
        </test-method> <!-- testAcceptParams -->
        <test-method status="PASS" signature="testDoNotAcceptParams()[pri:0, instance:it.jnrpe.commands.CommandInvokerTest@4afaa1a4]" name="testDoNotAcceptParams" duration-ms="1" started-at="2014-05-16T11:28:08Z" finished-at="2014-05-16T11:28:08Z">
          <reporter-output>
          </reporter-output>
        </test-method> <!-- testDoNotAcceptParams -->
      </class> <!-- it.jnrpe.commands.CommandInvokerTest -->
    </test> <!-- Default test -->
  </suite> <!-- Default suite -->
</testng-results>
