<?xml version="1.0" encoding="UTF-8"?>
<!-- Generated by org.testng.reporters.JUnitXMLReporter -->
<testsuite hostname="ziccardi" name="Default test" tests="6" failures="0" timestamp="13 May 2014 09:55:00 GMT" time="21.585" errors="0">
  <testcase name="testBadCommand" time="0.06" classname="it.jnrpe.test.JnrpeParamTest"/>
  <testcase name="testCommandNullPointerException" time="0.031" classname="it.jnrpe.test.JnrpeParamTest"/>
  <testcase name="testCommandReturnNull" time="0.004" classname="it.jnrpe.test.JnrpeParamTest"/>
  <testcase name="testNullProviders" time="0.004" classname="it.jnrpe.test.JnrpeParamTest"/>
  <testcase name="testPortInUse" time="11.838" classname="it.jnrpe.test.JnrpeParamTest"/>
  <testcase name="testThrowRuntimeException" time="0.006" classname="it.jnrpe.test.JnrpeParamTest"/>
</testsuite> <!-- Default test -->
