<?xml version="1.0" encoding="UTF-8"?>
<testng-results skipped="0" failed="0" total="1" passed="1">
  <reporter-output>
  </reporter-output>
  <suite name="Default suite" duration-ms="28" started-at="2014-05-13T10:21:26Z" finished-at="2014-05-13T10:21:26Z">
    <groups>
    </groups>
    <test name="Default test" duration-ms="28" started-at="2014-05-13T10:21:26Z" finished-at="2014-05-13T10:21:26Z">
      <class name="it.jnrpe.plugins.test.CheckProcsTest">
        <test-method status="PASS" signature="convertToSecondsTest()[pri:0, instance:it.jnrpe.plugins.test.CheckProcsTest@5219f360]" name="convertToSecondsTest" duration-ms="16" started-at="2014-05-13T12:21:26Z" finished-at="2014-05-13T12:21:26Z">
          <reporter-output>
          </reporter-output>
        </test-method> <!-- convertToSecondsTest -->
      </class> <!-- it.jnrpe.plugins.test.CheckProcsTest -->
    </test> <!-- Default test -->
  </suite> <!-- Default suite -->
</testng-results>
