<?xml version="1.0" encoding="UTF-8"?>
<testsuite name="it.jnrpe.osgi.it.JnrpeOsgiCoreInstallationIT" time="6.201" tests="5" errors="0" skipped="0" failures="0">
  <properties>
[...]
</properties>
  <testcase name="checkReloadConfiguration" classname="it.jnrpe.osgi.it.JnrpeOsgiCoreInstallationIT" time="6.101"/>
  <testcase name="checkJnrpePluginsOsgiBundle" classname="it.jnrpe.osgi.it.JnrpeOsgiCoreInstallationIT" time="0.013"/>
  <testcase name="checkPluginsLoaded" classname="it.jnrpe.osgi.it.JnrpeOsgiCoreInstallationIT" time="0.064"/>
  <testcase name="checkInject" classname="it.jnrpe.osgi.it.JnrpeOsgiCoreInstallationIT" time="0.011"/>
  <testcase name="checkJnrpeOsgiCoreBundle" classname="it.jnrpe.osgi.it.JnrpeOsgiCoreInstallationIT" time="0.012"/>
</testsuite>