<?xml version="1.0" encoding="UTF-8"?>
<testng-results skipped="0" failed="0" total="2" passed="2">
  <reporter-output>
  </reporter-output>
  <suite name="Default suite" duration-ms="138" started-at="2014-03-14T16:44:02Z" finished-at="2014-03-14T16:44:02Z">
    <groups>
    </groups>
    <test name="Default test" duration-ms="138" started-at="2014-03-14T16:44:02Z" finished-at="2014-03-14T16:44:02Z">
      <class name="it.jnrpe.server.ConfigTest">
        <test-method status="PASS" signature="testIniCommandWithCommaInParams()[pri:0, instance:it.jnrpe.server.ConfigTest@6f0abf2c]" name="testIniCommandWithCommaInParams" duration-ms="108" started-at="2014-03-14T17:44:02Z" finished-at="2014-03-14T17:44:02Z">
          <reporter-output>
          </reporter-output>
        </test-method> <!-- testIniCommandWithCommaInParams -->
        <test-method status="PASS" signature="testXmlCommandWithCommaInParams()[pri:0, instance:it.jnrpe.server.ConfigTest@6f0abf2c]" name="testXmlCommandWithCommaInParams" duration-ms="17" started-at="2014-03-14T17:44:02Z" finished-at="2014-03-14T17:44:02Z">
          <reporter-output>
          </reporter-output>
        </test-method> <!-- testXmlCommandWithCommaInParams -->
      </class> <!-- it.jnrpe.server.ConfigTest -->
    </test> <!-- Default test -->
  </suite> <!-- Default suite -->
</testng-results>
